<?xml version="1.0" encoding="utf-8"?>
<TestRun id="2d28bd6f-1945-433b-a299-29bfe4b7ef8f" name="@buildkitsandbox 2025-07-27 17:48:28" xmlns="http://microsoft.com/schemas/VisualStudio/TeamTest/2010">
  <Times creation="2025-07-27T17:48:28.2886069+00:00" queuing="2025-07-27T17:48:28.2886070+00:00" start="2025-07-27T17:48:26.8628231+00:00" finish="2025-07-27T17:48:28.2934117+00:00" />
  <TestSettings name="default" id="52a02ba1-3590-440b-92b4-0b8e446707d9">
    <Deployment runDeploymentRoot="_buildkitsandbox_2025-07-27_17_48_28" />
  </TestSettings>
  <Results>
    <UnitTestResult executionId="7309bea2-002b-48e4-932b-e0c4b48118a9" testId="30468d9b-df81-3aee-4de2-ec56da9175c2" testName="Devops.Tests.HealthEndpointTests.Health_returns_200" computerName="buildkitsandbox" duration="00:00:00.9168516" startTime="2025-07-27T17:48:28.2107289+00:00" endTime="2025-07-27T17:48:28.2107394+00:00" testType="13cdc9d9-ddb5-4fa4-a97d-d965ccfc6d4b" outcome="Passed" testListId="8c84fa94-04c1-424b-9868-57a2d4851a1d" relativeResultsDirectory="7309bea2-002b-48e4-932b-e0c4b48118a9" />
  </Results>
  <TestDefinitions>
    <UnitTest name="Devops.Tests.HealthEndpointTests.Health_returns_200" storage="/src/devops.tests/bin/debug/net8.0/devops.tests.dll" id="30468d9b-df81-3aee-4de2-ec56da9175c2">
      <Execution id="7309bea2-002b-48e4-932b-e0c4b48118a9" />
      <TestMethod codeBase="/src/Devops.Tests/bin/Debug/net8.0/Devops.Tests.dll" adapterTypeName="executor://xunit/VsTestRunner2/netcoreapp" className="Devops.Tests.HealthEndpointTests" name="Health_returns_200" />
    </UnitTest>
  </TestDefinitions>
  <TestEntries>
    <TestEntry testId="30468d9b-df81-3aee-4de2-ec56da9175c2" executionId="7309bea2-002b-48e4-932b-e0c4b48118a9" testListId="8c84fa94-04c1-424b-9868-57a2d4851a1d" />
  </TestEntries>
  <TestLists>
    <TestList name="Results Not in a List" id="8c84fa94-04c1-424b-9868-57a2d4851a1d" />
    <TestList name="All Loaded Results" id="19431567-8539-422a-85d7-44ee4e166bda" />
  </TestLists>
  <ResultSummary outcome="Completed">
    <Counters total="1" executed="1" passed="1" failed="0" error="0" timeout="0" aborted="0" inconclusive="0" passedButRunAborted="0" notRunnable="0" notExecuted="0" disconnected="0" warning="0" completed="0" inProgress="0" pending="0" />
    <Output>
      <StdOut>[xUnit.net 00:00:00.00] xUnit.net VSTest Adapter v2.8.0+6438bb880a (64-bit .NET 8.0.18)
[xUnit.net 00:00:00.06]   Discovering: Devops.Tests
[xUnit.net 00:00:00.09]   Discovered:  Devops.Tests
[xUnit.net 00:00:00.09]   Starting:    Devops.Tests
KESTREL: Application builder created.
KESTREL: Application building complete, starting to run...
info: Microsoft.EntityFrameworkCore.Database.Command[20101]
      Executed DbCommand (5ms) [Parameters=[], CommandType='Text', CommandTimeout='30']
      SELECT COUNT(*) FROM "sqlite_master" WHERE "type" = 'table' AND "rootpage" IS NOT NULL;
info: Microsoft.EntityFrameworkCore.Database.Command[20101]
      Executed DbCommand (1ms) [Parameters=[], CommandType='Text', CommandTimeout='30']
      CREATE TABLE "AspNetRoles" (
          "Id" TEXT NOT NULL CONSTRAINT "PK_AspNetRoles" PRIMARY KEY,
          "Name" TEXT NULL,
          "NormalizedName" TEXT NULL,
          "ConcurrencyStamp" TEXT NULL
      );
info: Microsoft.EntityFrameworkCore.Database.Command[20101]
      Executed DbCommand (0ms) [Parameters=[], CommandType='Text', CommandTimeout='30']
      CREATE TABLE "AspNetUsers" (
          "Id" TEXT NOT NULL CONSTRAINT "PK_AspNetUsers" PRIMARY KEY,
          "IsAdmin" INTEGER NOT NULL,
          "EncryptedGitHubPat" TEXT NULL,
          "GitHubOwnerRepo" TEXT NULL,
          "HasGitHubConfig" INTEGER NOT NULL,
          "EncryptedAzureDevOpsToken" TEXT NULL,
          "UserName" TEXT NOT NULL,
          "NormalizedUserName" TEXT NULL,
          "Email" TEXT NOT NULL,
          "NormalizedEmail" TEXT NULL,
          "EmailConfirmed" INTEGER NOT NULL,
          "PasswordHash" TEXT NULL,
          "SecurityStamp" TEXT NULL,
          "ConcurrencyStamp" TEXT NULL,
          "PhoneNumber" TEXT NULL,
          "PhoneNumberConfirmed" INTEGER NOT NULL,
          "TwoFactorEnabled" INTEGER NOT NULL,
          "LockoutEnd" TEXT NULL,
          "LockoutEnabled" INTEGER NOT NULL,
          "AccessFailedCount" INTEGER NOT NULL
      );
info: Microsoft.EntityFrameworkCore.Database.Command[20101]
      Executed DbCommand (0ms) [Parameters=[], CommandType='Text', CommandTimeout='30']
      CREATE TABLE "AspNetRoleClaims" (
          "Id" INTEGER NOT NULL CONSTRAINT "PK_AspNetRoleClaims" PRIMARY KEY AUTOINCREMENT,
          "RoleId" TEXT NOT NULL,
          "ClaimType" TEXT NULL,
          "ClaimValue" TEXT NULL,
          CONSTRAINT "FK_AspNetRoleClaims_AspNetRoles_RoleId" FOREIGN KEY ("RoleId") REFERENCES "AspNetRoles" ("Id") ON DELETE CASCADE
      );
info: Microsoft.EntityFrameworkCore.Database.Command[20101]
      Executed DbCommand (0ms) [Parameters=[], CommandType='Text', CommandTimeout='30']
      CREATE TABLE "AspNetUserClaims" (
          "Id" INTEGER NOT NULL CONSTRAINT "PK_AspNetUserClaims" PRIMARY KEY AUTOINCREMENT,
          "UserId" TEXT NOT NULL,
          "ClaimType" TEXT NULL,
          "ClaimValue" TEXT NULL,
          CONSTRAINT "FK_AspNetUserClaims_AspNetUsers_UserId" FOREIGN KEY ("UserId") REFERENCES "AspNetUsers" ("Id") ON DELETE CASCADE
      );
info: Microsoft.EntityFrameworkCore.Database.Command[20101]
      Executed DbCommand (0ms) [Parameters=[], CommandType='Text', CommandTimeout='30']
      CREATE TABLE "AspNetUserLogins" (
          "LoginProvider" TEXT NOT NULL,
          "ProviderKey" TEXT NOT NULL,
          "ProviderDisplayName" TEXT NULL,
          "UserId" TEXT NOT NULL,
          CONSTRAINT "PK_AspNetUserLogins" PRIMARY KEY ("LoginProvider", "ProviderKey"),
          CONSTRAINT "FK_AspNetUserLogins_AspNetUsers_UserId" FOREIGN KEY ("UserId") REFERENCES "AspNetUsers" ("Id") ON DELETE CASCADE
      );
info: Microsoft.EntityFrameworkCore.Database.Command[20101]
      Executed DbCommand (0ms) [Parameters=[], CommandType='Text', CommandTimeout='30']
      CREATE TABLE "AspNetUserRoles" (
          "UserId" TEXT NOT NULL,
          "RoleId" TEXT NOT NULL,
          CONSTRAINT "PK_AspNetUserRoles" PRIMARY KEY ("UserId", "RoleId"),
          CONSTRAINT "FK_AspNetUserRoles_AspNetRoles_RoleId" FOREIGN KEY ("RoleId") REFERENCES "AspNetRoles" ("Id") ON DELETE CASCADE,
          CONSTRAINT "FK_AspNetUserRoles_AspNetUsers_UserId" FOREIGN KEY ("UserId") REFERENCES "AspNetUsers" ("Id") ON DELETE CASCADE
      );
info: Microsoft.EntityFrameworkCore.Database.Command[20101]
      Executed DbCommand (0ms) [Parameters=[], CommandType='Text', CommandTimeout='30']
      CREATE TABLE "AspNetUserTokens" (
          "UserId" TEXT NOT NULL,
          "LoginProvider" TEXT NOT NULL,
          "Name" TEXT NOT NULL,
          "Value" TEXT NULL,
          CONSTRAINT "PK_AspNetUserTokens" PRIMARY KEY ("UserId", "LoginProvider", "Name"),
          CONSTRAINT "FK_AspNetUserTokens_AspNetUsers_UserId" FOREIGN KEY ("UserId") REFERENCES "AspNetUsers" ("Id") ON DELETE CASCADE
      );
info: Microsoft.EntityFrameworkCore.Database.Command[20101]
      Executed DbCommand (0ms) [Parameters=[], CommandType='Text', CommandTimeout='30']
      CREATE INDEX "IX_AspNetRoleClaims_RoleId" ON "AspNetRoleClaims" ("RoleId");
info: Microsoft.EntityFrameworkCore.Database.Command[20101]
      Executed DbCommand (0ms) [Parameters=[], CommandType='Text', CommandTimeout='30']
      CREATE UNIQUE INDEX "RoleNameIndex" ON "AspNetRoles" ("NormalizedName");
info: Microsoft.EntityFrameworkCore.Database.Command[20101]
      Executed DbCommand (0ms) [Parameters=[], CommandType='Text', CommandTimeout='30']
      CREATE INDEX "IX_AspNetUserClaims_UserId" ON "AspNetUserClaims" ("UserId");
info: Microsoft.EntityFrameworkCore.Database.Command[20101]
      Executed DbCommand (0ms) [Parameters=[], CommandType='Text', CommandTimeout='30']
      CREATE INDEX "IX_AspNetUserLogins_UserId" ON "AspNetUserLogins" ("UserId");
info: Microsoft.EntityFrameworkCore.Database.Command[20101]
      Executed DbCommand (0ms) [Parameters=[], CommandType='Text', CommandTimeout='30']
      CREATE INDEX "IX_AspNetUserRoles_RoleId" ON "AspNetUserRoles" ("RoleId");
info: Microsoft.EntityFrameworkCore.Database.Command[20101]
      Executed DbCommand (0ms) [Parameters=[], CommandType='Text', CommandTimeout='30']
      CREATE INDEX "EmailIndex" ON "AspNetUsers" ("NormalizedEmail");
info: Microsoft.EntityFrameworkCore.Database.Command[20101]
      Executed DbCommand (0ms) [Parameters=[], CommandType='Text', CommandTimeout='30']
      CREATE UNIQUE INDEX "IX_AspNetUsers_Email" ON "AspNetUsers" ("Email");
info: Microsoft.EntityFrameworkCore.Database.Command[20101]
      Executed DbCommand (0ms) [Parameters=[], CommandType='Text', CommandTimeout='30']
      CREATE UNIQUE INDEX "UserNameIndex" ON "AspNetUsers" ("NormalizedUserName");
info: Microsoft.EntityFrameworkCore.Database.Command[20101]
      Executed DbCommand (2ms) [Parameters=[@__normalizedName_0='?' (Size = 4)], CommandType='Text', CommandTimeout='30']
      SELECT "a"."Id", "a"."ConcurrencyStamp", "a"."Name", "a"."NormalizedName"
      FROM "AspNetRoles" AS "a"
      WHERE "a"."NormalizedName" = @__normalizedName_0
      LIMIT 1
info: Microsoft.EntityFrameworkCore.Database.Command[20101]
      Executed DbCommand (0ms) [Parameters=[@__normalizedName_0='?' (Size = 4)], CommandType='Text', CommandTimeout='30']
      SELECT "a"."Id", "a"."ConcurrencyStamp", "a"."Name", "a"."NormalizedName"
      FROM "AspNetRoles" AS "a"
      WHERE "a"."NormalizedName" = @__normalizedName_0
      LIMIT 1
info: Microsoft.EntityFrameworkCore.Database.Command[20101]
      Executed DbCommand (1ms) [Parameters=[@p0='?' (DbType = Guid), @p1='?', @p2='?' (Size = 4), @p3='?' (Size = 4)], CommandType='Text', CommandTimeout='30']
      INSERT INTO "AspNetRoles" ("Id", "ConcurrencyStamp", "Name", "NormalizedName")
      VALUES (@p0, @p1, @p2, @p3);
info: Microsoft.EntityFrameworkCore.Database.Command[20101]
      Executed DbCommand (0ms) [Parameters=[@__normalizedName_0='?' (Size = 5)], CommandType='Text', CommandTimeout='30']
      SELECT "a"."Id", "a"."ConcurrencyStamp", "a"."Name", "a"."NormalizedName"
      FROM "AspNetRoles" AS "a"
      WHERE "a"."NormalizedName" = @__normalizedName_0
      LIMIT 1
info: Microsoft.EntityFrameworkCore.Database.Command[20101]
      Executed DbCommand (0ms) [Parameters=[@__normalizedName_0='?' (Size = 5)], CommandType='Text', CommandTimeout='30']
      SELECT "a"."Id", "a"."ConcurrencyStamp", "a"."Name", "a"."NormalizedName"
      FROM "AspNetRoles" AS "a"
      WHERE "a"."NormalizedName" = @__normalizedName_0
      LIMIT 1
info: Microsoft.EntityFrameworkCore.Database.Command[20101]
      Executed DbCommand (0ms) [Parameters=[@p0='?' (DbType = Guid), @p1='?', @p2='?' (Size = 5), @p3='?' (Size = 5)], CommandType='Text', CommandTimeout='30']
      INSERT INTO "AspNetRoles" ("Id", "ConcurrencyStamp", "Name", "NormalizedName")
      VALUES (@p0, @p1, @p2, @p3);
warn: Microsoft.AspNetCore.DataProtection.Repositories.FileSystemXmlRepository[60]
      Storing keys in a directory '/app/dpkeys' that may not be persisted outside of the container. Protected data will be unavailable when container is destroyed. For more information go to https://aka.ms/aspnet/dataprotectionwarning
warn: Microsoft.AspNetCore.DataProtection.KeyManagement.XmlKeyManager[35]
      No XML encryptor configured. Key {3084e46a-61df-430c-a507-9f7f285b2c08} may be persisted to storage in unencrypted form.
info: Microsoft.Hosting.Lifetime[14]
      Now listening on: http://*:8080
[xUnit.net 00:00:01.05]   Finished:    Devops.Tests
</StdOut>
    </Output>
  </ResultSummary>
</TestRun>